<?xml version="1.0" encoding="UTF-8"?>
<coverage generated="1776693721829" clover="3.2.0">
  <project timestamp="1776693721830" name="All files">
    <metrics statements="10" coveredstatements="8" conditionals="1" coveredconditionals="1" methods="6" coveredmethods="3" elements="17" coveredelements="12" complexity="0" loc="10" ncloc="10" packages="1" files="3" classes="3"/>
    <file name="Counter.tsx" path="C:\Users\diego\OneDrive\Documentos\Tec\Semestre 6\QA\Vitest-QA\group101-vite\src\Counter\Counter.tsx">
      <metrics statements="4" coveredstatements="4" conditionals="1" coveredconditionals="1" methods="1" coveredmethods="1"/>
      <line num="7" count="1" type="stmt"/>
      <line num="8" count="1" type="cond" truecount="1" falsecount="0"/>
      <line num="9" count="1" type="stmt"/>
      <line num="10" count="1" type="stmt"/>
    </file>
    <file name="IncrementButton.tsx" path="C:\Users\diego\OneDrive\Documentos\Tec\Semestre 6\QA\Vitest-QA\group101-vite\src\Counter\IncrementButton.tsx">
      <metrics statements="3" coveredstatements="2" conditionals="0" coveredconditionals="0" methods="3" coveredmethods="1"/>
      <line num="4" count="1" type="stmt"/>
      <line num="5" count="1" type="stmt"/>
      <line num="10" count="0" type="stmt"/>
    </file>
    <file name="ResetButton.tsx" path="C:\Users\diego\OneDrive\Documentos\Tec\Semestre 6\QA\Vitest-QA\group101-vite\src\Counter\ResetButton.tsx">
      <metrics statements="3" coveredstatements="2" conditionals="0" coveredconditionals="0" methods="2" coveredmethods="1"/>
      <line num="3" count="1" type="stmt"/>
      <line num="4" count="1" type="stmt"/>
      <line num="8" count="0" type="stmt"/>
    </file>
  </project>
</coverage>
