{"C:\\Users\\diego\\OneDrive\\Documentos\\Tec\\Semestre 6\\QA\\Vitest-QA\\group101-vite\\src\\Counter\\Counter.tsx": {"path":"C:\\Users\\diego\\OneDrive\\Documentos\\Tec\\Semestre 6\\QA\\Vitest-QA\\group101-vite\\src\\Counter\\Counter.tsx","statementMap":{"0":{"start":{"line":7,"column":27},"end":{"line":7,"column":null}},"1":{"start":{"line":8,"column":6},"end":{"line":18,"column":null}},"2":{"start":{"line":9,"column":18},"end":{"line":9,"column":60}},"3":{"start":{"line":10,"column":4},"end":{"line":18,"column":null}}},"fnMap":{"0":{"name":"(anonymous_0)","decl":{"start":{"line":8,"column":6},"end":{"line":8,"column":17}},"loc":{"start":{"line":8,"column":56},"end":{"line":18,"column":null}},"line":8}},"branchMap":{"0":{"loc":{"start":{"line":8,"column":19},"end":{"line":8,"column":56}},"type":"default-arg","locations":[{"start":{"line":8,"column":34},"end":{"line":8,"column":56}}],"line":8}},"s":{"0":1,"1":1,"2":1,"3":1},"f":{"0":1},"b":{"0":[1]},"meta":{"lastBranch":1,"lastFunction":1,"lastStatement":4,"seen":{"s:7:27:7:Infinity":0,"s:8:6:18:Infinity":1,"f:8:6:8:17":0,"b:8:34:8:56":0,"s:9:18:9:60":2,"s:10:4:18:Infinity":3}}}
,"C:\\Users\\diego\\OneDrive\\Documentos\\Tec\\Semestre 6\\QA\\Vitest-QA\\group101-vite\\src\\Counter\\IncrementButton.tsx": {"path":"C:\\Users\\diego\\OneDrive\\Documentos\\Tec\\Semestre 6\\QA\\Vitest-QA\\group101-vite\\src\\Counter\\IncrementButton.tsx","statementMap":{"0":{"start":{"line":4,"column":13},"end":{"line":14,"column":null}},"1":{"start":{"line":5,"column":4},"end":{"line":14,"column":null}},"2":{"start":{"line":10,"column":31},"end":{"line":10,"column":53}},"3":{"start":{"line":10,"column":47},"end":{"line":10,"column":53}}},"fnMap":{"0":{"name":"(anonymous_0)","decl":{"start":{"line":4,"column":13},"end":{"line":4,"column":32}},"loc":{"start":{"line":4,"column":75},"end":{"line":14,"column":null}},"line":4},"1":{"name":"(anonymous_1)","decl":{"start":{"line":10,"column":16},"end":{"line":10,"column":31}},"loc":{"start":{"line":10,"column":31},"end":{"line":10,"column":53}},"line":10},"2":{"name":"(anonymous_2)","decl":{"start":{"line":10,"column":31},"end":{"line":10,"column":41}},"loc":{"start":{"line":10,"column":47},"end":{"line":10,"column":53}},"line":10}},"branchMap":{},"s":{"0":1,"1":1,"2":0,"3":0},"f":{"0":1,"1":0,"2":0},"b":{},"meta":{"lastBranch":0,"lastFunction":3,"lastStatement":4,"seen":{"s:4:13:14:Infinity":0,"f:4:13:4:32":0,"s:5:4:14:Infinity":1,"f:10:16:10:31":1,"s:10:31:10:53":2,"f:10:31:10:41":2,"s:10:47:10:53":3}}}
,"C:\\Users\\diego\\OneDrive\\Documentos\\Tec\\Semestre 6\\QA\\Vitest-QA\\group101-vite\\src\\Counter\\ResetButton.tsx": {"path":"C:\\Users\\diego\\OneDrive\\Documentos\\Tec\\Semestre 6\\QA\\Vitest-QA\\group101-vite\\src\\Counter\\ResetButton.tsx","statementMap":{"0":{"start":{"line":3,"column":13},"end":{"line":11,"column":null}},"1":{"start":{"line":4,"column":4},"end":{"line":11,"column":null}},"2":{"start":{"line":8,"column":27},"end":{"line":8,"column":38}}},"fnMap":{"0":{"name":"(anonymous_0)","decl":{"start":{"line":3,"column":13},"end":{"line":3,"column":28}},"loc":{"start":{"line":3,"column":71},"end":{"line":11,"column":null}},"line":3},"1":{"name":"(anonymous_1)","decl":{"start":{"line":8,"column":12},"end":{"line":8,"column":27}},"loc":{"start":{"line":8,"column":27},"end":{"line":8,"column":38}},"line":8}},"branchMap":{},"s":{"0":1,"1":1,"2":0},"f":{"0":1,"1":0},"b":{},"meta":{"lastBranch":0,"lastFunction":2,"lastStatement":3,"seen":{"s:3:13:11:Infinity":0,"f:3:13:3:28":0,"s:4:4:11:Infinity":1,"f:8:12:8:27":1,"s:8:27:8:38":2}}}
}
